[02:05:45] [Render thread/INFO]: Environment: authHost='https://authserver.mojang.com', accountsHost='https://api.mojang.com', sessionHost='https://sessionserver.mojang.com', servicesHost='https://api.minecraftservices.com', name='PROD'
[02:05:46] [Render thread/ERROR]: Failed to verify authentication
com.mojang.authlib.exceptions.InvalidCredentialsException: Status: 401
	at com.mojang.authlib.exceptions.MinecraftClientHttpException.toAuthenticationException(MinecraftClientHttpException.java:56) ~[authlib-3.3.39.jar:?]
	at com.mojang.authlib.yggdrasil.YggdrasilUserApiService.fetchProperties(YggdrasilUserApiService.java:132) ~[authlib-3.3.39.jar:?]
	at com.mojang.authlib.yggdrasil.YggdrasilUserApiService.<init>(YggdrasilUserApiService.java:44) ~[authlib-3.3.39.jar:?]
	at com.mojang.authlib.yggdrasil.YggdrasilAuthenticationService.createUserApiService(YggdrasilAuthenticationService.java:153) ~[authlib-3.3.39.jar:?]
	at dyr.a(SourceFile:680) [1.18.2.jar:?]
	at dyr.<init>(SourceFile:424) [1.18.2.jar:?]
	at net.minecraft.client.main.Main.main(SourceFile:197) [1.18.2.jar:?]
Caused by: com.mojang.authlib.exceptions.MinecraftClientHttpException: Status: 401
	at com.mojang.authlib.minecraft.client.MinecraftClient.readInputStream(MinecraftClient.java:78) ~[authlib-3.3.39.jar:?]
	at com.mojang.authlib.minecraft.client.MinecraftClient.get(MinecraftClient.java:48) ~[authlib-3.3.39.jar:?]
	at com.mojang.authlib.yggdrasil.YggdrasilUserApiService.fetchProperties(YggdrasilUserApiService.java:113) ~[authlib-3.3.39.jar:?]
	... 5 more
[02:05:46] [Render thread/INFO]: Setting user: Player955
[02:05:46] [Render thread/INFO]: Backend library: LWJGL version 3.2.2 build 10
[02:05:47] [Render thread/INFO]: Narrator library for x64 successfully loaded
[02:05:48] [Render thread/INFO]: Reloading ResourceManager: Default
[02:05:48] [Realms Notification Availability checker #1/ERROR]: Realms http code: 400 - raw body (message failed to parse): 
[02:05:51] [Render thread/INFO]: OpenAL initialized on device OpenAL Soft on Speakers (High Definition Audio Device)
[02:05:51] [Render thread/INFO]: Sound engine started
[02:05:52] [Render thread/INFO]: Created: 1024x1024x4 minecraft:textures/atlas/blocks.png-atlas
[02:05:52] [Render thread/INFO]: Created: 256x128x4 minecraft:textures/atlas/signs.png-atlas
[02:05:52] [Render thread/INFO]: Created: 1024x512x4 minecraft:textures/atlas/banner_patterns.png-atlas
[02:05:52] [Render thread/INFO]: Created: 1024x512x4 minecraft:textures/atlas/shield_patterns.png-atlas
[02:05:52] [Render thread/INFO]: Created: 256x256x4 minecraft:textures/atlas/chest.png-atlas
[02:05:52] [Render thread/INFO]: Created: 512x256x4 minecraft:textures/atlas/beds.png-atlas
[02:05:52] [Render thread/INFO]: Created: 512x256x4 minecraft:textures/atlas/shulker_boxes.png-atlas
[02:05:53] [Render thread/INFO]: Created: 256x256x0 minecraft:textures/atlas/particles.png-atlas
[02:05:53] [Render thread/INFO]: Created: 256x256x0 minecraft:textures/atlas/paintings.png-atlas
[02:05:54] [Render thread/INFO]: Created: 256x128x0 minecraft:textures/atlas/mob_effects.png-atlas
[02:05:54] [Realms Notification Availability checker #1/ERROR]: Realms http code: 400 - raw body (message failed to parse): 
[02:06:02] [Realms Notification Availability checker #1/ERROR]: Realms http code: 400 - raw body (message failed to parse): 
[02:06:06] [Realms Notification Availability checker #1/ERROR]: Realms http code: 400 - raw body (message failed to parse): 
[02:06:14] [Render thread/INFO]: Stopping!
